\BOOKMARK [1][-]{Doc-Start}{\376\377\000I\000n\000h\000o\000u\000d\000s\000o\000p\000g\000a\000v\000e}{}% 1
\BOOKMARK [1][-]{section.1}{\376\377\000I\000n\000l\000e\000i\000d\000i\000n\000g}{}% 2
\BOOKMARK [2][-]{subsection.1.1}{\376\377\000C\000o\000n\000t\000e\000x\000t}{section.1}% 3
\BOOKMARK [2][-]{subsection.1.2}{\376\377\000A\000a\000n\000l\000e\000i\000d\000i\000n\000g}{section.1}% 4
\BOOKMARK [2][-]{subsection.1.3}{\376\377\000D\000o\000e\000l\000\040\000v\000a\000n\000\040\000h\000e\000t\000\040\000O\000n\000d\000e\000r\000z\000o\000e\000k}{section.1}% 5
\BOOKMARK [2][-]{subsection.1.4}{\376\377\000L\000e\000e\000s\000w\000i\000j\000z\000e\000r}{section.1}% 6
\BOOKMARK [1][-]{section.2}{\376\377\000P\000r\000o\000b\000l\000e\000e\000m\000s\000t\000e\000l\000l\000i\000n\000g}{}% 7
\BOOKMARK [2][-]{subsection.2.1}{\376\377\000P\000r\000o\000b\000l\000e\000e\000m\000b\000e\000s\000c\000h\000r\000i\000j\000v\000i\000n\000g}{section.2}% 8
\BOOKMARK [2][-]{subsection.2.2}{\376\377\000H\000o\000o\000f\000d\000v\000r\000a\000a\000g}{section.2}% 9
\BOOKMARK [2][-]{subsection.2.3}{\376\377\000D\000e\000e\000l\000v\000r\000a\000g\000e\000n}{section.2}% 10
\BOOKMARK [1][-]{section.3}{\376\377\000T\000h\000e\000o\000r\000e\000t\000i\000s\000c\000h\000\040\000K\000a\000d\000e\000r}{}% 11
\BOOKMARK [2][-]{subsection.3.1}{\376\377\000A\000c\000h\000t\000e\000r\000g\000r\000o\000n\000d\000i\000n\000f\000o\000r\000m\000a\000t\000i\000e}{section.3}% 12
\BOOKMARK [2][-]{subsection.3.2}{\376\377\000R\000e\000l\000e\000v\000a\000n\000t\000e\000\040\000T\000h\000e\000o\000r\000i\000e}{section.3}% 13
\BOOKMARK [2][-]{subsection.3.3}{\376\377\000B\000e\000s\000t\000a\000a\000n\000d\000e\000\040\000O\000p\000l\000o\000s\000s\000i\000n\000g\000e\000n}{section.3}% 14
\BOOKMARK [1][-]{section.4}{\376\377\000M\000e\000t\000h\000o\000d\000e}{}% 15
\BOOKMARK [2][-]{subsection.4.1}{\376\377\000O\000n\000d\000e\000r\000z\000o\000e\000k\000s\000a\000a\000n\000p\000a\000k}{section.4}% 16
\BOOKMARK [2][-]{subsection.4.2}{\376\377\000O\000n\000d\000e\000r\000z\000o\000e\000k\000s\000m\000e\000t\000h\000o\000d\000e\000n}{section.4}% 17
\BOOKMARK [2][-]{subsection.4.3}{\376\377\000T\000o\000o\000l\000s\000\040\000e\000n\000\040\000T\000e\000c\000h\000n\000i\000e\000k\000e\000n}{section.4}% 18
\BOOKMARK [1][-]{section.5}{\376\377\000R\000e\000s\000u\000l\000t\000a\000t\000e\000n}{}% 19
\BOOKMARK [2][-]{subsection.5.1}{\376\377\000B\000e\000v\000i\000n\000d\000i\000n\000g\000e\000n}{section.5}% 20
\BOOKMARK [2][-]{subsection.5.2}{\376\377\000A\000n\000a\000l\000y\000s\000e}{section.5}% 21
\BOOKMARK [2][-]{subsection.5.3}{\376\377\000O\000v\000e\000r\000z\000i\000c\000h\000t\000\040\000R\000e\000s\000u\000l\000t\000a\000t\000e\000n}{section.5}% 22
\BOOKMARK [1][-]{section.6}{\376\377\000C\000o\000n\000c\000l\000u\000s\000i\000e}{}% 23
\BOOKMARK [2][-]{subsection.6.1}{\376\377\000B\000e\000a\000n\000t\000w\000o\000o\000r\000d\000i\000n\000g\000\040\000H\000o\000o\000f\000d\000v\000r\000a\000a\000g}{section.6}% 24
\BOOKMARK [2][-]{subsection.6.2}{\376\377\000B\000e\000l\000a\000n\000g\000r\000i\000j\000k\000s\000t\000e\000\040\000I\000n\000z\000i\000c\000h\000t\000e\000n}{section.6}% 25
\BOOKMARK [2][-]{subsection.6.3}{\376\377\000A\000a\000n\000b\000e\000v\000e\000l\000i\000n\000g\000e\000n}{section.6}% 26
